[0.553s] Invoking command in '/home/a/work/lh_commander_ws/src/little_helper_commander': PYTHONPATH=/home/a/work/lh_commander_ws/src/little_helper_commander/build/little_helper_commander/prefix_override:/home/a/work/lh_commander_ws/src/little_helper_commander/install/little_helper_commander/lib/python3.10/site-packages:${PYTHONPATH} /usr/bin/python3 -W ignore:setup.py install is deprecated setup.py egg_info --egg-base build/little_helper_commander build --build-base /home/a/work/lh_commander_ws/src/little_helper_commander/build/little_helper_commander/build install --record /home/a/work/lh_commander_ws/src/little_helper_commander/build/little_helper_commander/install.log --single-version-externally-managed install_data
[0.752s] running egg_info
[0.752s] creating build/little_helper_commander/little_helper_commander.egg-info
[0.752s] writing build/little_helper_commander/little_helper_commander.egg-info/PKG-INFO
[0.752s] writing dependency_links to build/little_helper_commander/little_helper_commander.egg-info/dependency_links.txt
[0.752s] writing entry points to build/little_helper_commander/little_helper_commander.egg-info/entry_points.txt
[0.752s] writing requirements to build/little_helper_commander/little_helper_commander.egg-info/requires.txt
[0.752s] writing top-level names to build/little_helper_commander/little_helper_commander.egg-info/top_level.txt
[0.752s] writing manifest file 'build/little_helper_commander/little_helper_commander.egg-info/SOURCES.txt'
[0.753s] reading manifest file 'build/little_helper_commander/little_helper_commander.egg-info/SOURCES.txt'
[0.754s] writing manifest file 'build/little_helper_commander/little_helper_commander.egg-info/SOURCES.txt'
[0.754s] running build
[0.754s] running build_py
[0.754s] creating /home/a/work/lh_commander_ws/src/little_helper_commander/build/little_helper_commander/build
[0.754s] creating /home/a/work/lh_commander_ws/src/little_helper_commander/build/little_helper_commander/build/lib
[0.754s] creating /home/a/work/lh_commander_ws/src/little_helper_commander/build/little_helper_commander/build/lib/little_helper_commander
[0.754s] copying little_helper_commander/little_helper_commander.py -> /home/a/work/lh_commander_ws/src/little_helper_commander/build/little_helper_commander/build/lib/little_helper_commander
[0.754s] copying little_helper_commander/tester.py -> /home/a/work/lh_commander_ws/src/little_helper_commander/build/little_helper_commander/build/lib/little_helper_commander
[0.763s] copying little_helper_commander/item_tf_broadcaster.py -> /home/a/work/lh_commander_ws/src/little_helper_commander/build/little_helper_commander/build/lib/little_helper_commander
[0.763s] copying little_helper_commander/__init__.py -> /home/a/work/lh_commander_ws/src/little_helper_commander/build/little_helper_commander/build/lib/little_helper_commander
[0.764s] running install
[0.764s] running install_lib
[0.765s] creating /home/a/work/lh_commander_ws/src/little_helper_commander/install/little_helper_commander/lib/python3.10/site-packages/little_helper_commander
[0.765s] copying /home/a/work/lh_commander_ws/src/little_helper_commander/build/little_helper_commander/build/lib/little_helper_commander/little_helper_commander.py -> /home/a/work/lh_commander_ws/src/little_helper_commander/install/little_helper_commander/lib/python3.10/site-packages/little_helper_commander
[0.765s] copying /home/a/work/lh_commander_ws/src/little_helper_commander/build/little_helper_commander/build/lib/little_helper_commander/tester.py -> /home/a/work/lh_commander_ws/src/little_helper_commander/install/little_helper_commander/lib/python3.10/site-packages/little_helper_commander
[0.765s] copying /home/a/work/lh_commander_ws/src/little_helper_commander/build/little_helper_commander/build/lib/little_helper_commander/item_tf_broadcaster.py -> /home/a/work/lh_commander_ws/src/little_helper_commander/install/little_helper_commander/lib/python3.10/site-packages/little_helper_commander
[0.765s] copying /home/a/work/lh_commander_ws/src/little_helper_commander/build/little_helper_commander/build/lib/little_helper_commander/__init__.py -> /home/a/work/lh_commander_ws/src/little_helper_commander/install/little_helper_commander/lib/python3.10/site-packages/little_helper_commander
[0.765s] byte-compiling /home/a/work/lh_commander_ws/src/little_helper_commander/install/little_helper_commander/lib/python3.10/site-packages/little_helper_commander/little_helper_commander.py to little_helper_commander.cpython-310.pyc
[0.767s] byte-compiling /home/a/work/lh_commander_ws/src/little_helper_commander/install/little_helper_commander/lib/python3.10/site-packages/little_helper_commander/tester.py to tester.cpython-310.pyc
[0.767s] byte-compiling /home/a/work/lh_commander_ws/src/little_helper_commander/install/little_helper_commander/lib/python3.10/site-packages/little_helper_commander/item_tf_broadcaster.py to item_tf_broadcaster.cpython-310.pyc
[0.768s] byte-compiling /home/a/work/lh_commander_ws/src/little_helper_commander/install/little_helper_commander/lib/python3.10/site-packages/little_helper_commander/__init__.py to __init__.cpython-310.pyc
[0.768s] running install_data
[0.768s] creating /home/a/work/lh_commander_ws/src/little_helper_commander/install/little_helper_commander/share/ament_index
[0.768s] creating /home/a/work/lh_commander_ws/src/little_helper_commander/install/little_helper_commander/share/ament_index/resource_index
[0.768s] creating /home/a/work/lh_commander_ws/src/little_helper_commander/install/little_helper_commander/share/ament_index/resource_index/packages
[0.768s] copying resource/little_helper_commander -> /home/a/work/lh_commander_ws/src/little_helper_commander/install/little_helper_commander/share/ament_index/resource_index/packages
[0.768s] copying package.xml -> /home/a/work/lh_commander_ws/src/little_helper_commander/install/little_helper_commander/share/little_helper_commander
[0.768s] creating /home/a/work/lh_commander_ws/src/little_helper_commander/install/little_helper_commander/share/little_helper_commander/launch
[0.768s] copying launch/launch_commander.launch.py -> /home/a/work/lh_commander_ws/src/little_helper_commander/install/little_helper_commander/share/little_helper_commander/launch
[0.769s] running install_egg_info
[0.770s] Copying build/little_helper_commander/little_helper_commander.egg-info to /home/a/work/lh_commander_ws/src/little_helper_commander/install/little_helper_commander/lib/python3.10/site-packages/little_helper_commander-0.0.0-py3.10.egg-info
[0.770s] running install_scripts
[0.785s] Installing commander script to /home/a/work/lh_commander_ws/src/little_helper_commander/install/little_helper_commander/lib/little_helper_commander
[0.785s] Installing item_tf_broadcaster script to /home/a/work/lh_commander_ws/src/little_helper_commander/install/little_helper_commander/lib/little_helper_commander
[0.785s] writing list of installed files to '/home/a/work/lh_commander_ws/src/little_helper_commander/build/little_helper_commander/install.log'
[0.800s] Invoked command in '/home/a/work/lh_commander_ws/src/little_helper_commander' returned '0': PYTHONPATH=/home/a/work/lh_commander_ws/src/little_helper_commander/build/little_helper_commander/prefix_override:/home/a/work/lh_commander_ws/src/little_helper_commander/install/little_helper_commander/lib/python3.10/site-packages:${PYTHONPATH} /usr/bin/python3 -W ignore:setup.py install is deprecated setup.py egg_info --egg-base build/little_helper_commander build --build-base /home/a/work/lh_commander_ws/src/little_helper_commander/build/little_helper_commander/build install --record /home/a/work/lh_commander_ws/src/little_helper_commander/build/little_helper_commander/install.log --single-version-externally-managed install_data
