/home/a/work/lh_commander_ws/src/little_helper_commander/install/little_helper_commander/lib/python3.10/site-packages/little_helper_commander/little_helper_commander.py
/home/a/work/lh_commander_ws/src/little_helper_commander/install/little_helper_commander/lib/python3.10/site-packages/little_helper_commander/tester.py
/home/a/work/lh_commander_ws/src/little_helper_commander/install/little_helper_commander/lib/python3.10/site-packages/little_helper_commander/item_tf_broadcaster.py
/home/a/work/lh_commander_ws/src/little_helper_commander/install/little_helper_commander/lib/python3.10/site-packages/little_helper_commander/__init__.py
/home/a/work/lh_commander_ws/src/little_helper_commander/install/little_helper_commander/lib/python3.10/site-packages/little_helper_commander/__pycache__/little_helper_commander.cpython-310.pyc
/home/a/work/lh_commander_ws/src/little_helper_commander/install/little_helper_commander/lib/python3.10/site-packages/little_helper_commander/__pycache__/tester.cpython-310.pyc
/home/a/work/lh_commander_ws/src/little_helper_commander/install/little_helper_commander/lib/python3.10/site-packages/little_helper_commander/__pycache__/item_tf_broadcaster.cpython-310.pyc
/home/a/work/lh_commander_ws/src/little_helper_commander/install/little_helper_commander/lib/python3.10/site-packages/little_helper_commander/__pycache__/__init__.cpython-310.pyc
/home/a/work/lh_commander_ws/src/little_helper_commander/install/little_helper_commander/share/ament_index/resource_index/packages/little_helper_commander
/home/a/work/lh_commander_ws/src/little_helper_commander/install/little_helper_commander/share/little_helper_commander/package.xml
/home/a/work/lh_commander_ws/src/little_helper_commander/install/little_helper_commander/share/little_helper_commander/launch/launch_commander.launch.py
/home/a/work/lh_commander_ws/src/little_helper_commander/install/little_helper_commander/lib/python3.10/site-packages/little_helper_commander-0.0.0-py3.10.egg-info/dependency_links.txt
/home/a/work/lh_commander_ws/src/little_helper_commander/install/little_helper_commander/lib/python3.10/site-packages/little_helper_commander-0.0.0-py3.10.egg-info/requires.txt
/home/a/work/lh_commander_ws/src/little_helper_commander/install/little_helper_commander/lib/python3.10/site-packages/little_helper_commander-0.0.0-py3.10.egg-info/top_level.txt
/home/a/work/lh_commander_ws/src/little_helper_commander/install/little_helper_commander/lib/python3.10/site-packages/little_helper_commander-0.0.0-py3.10.egg-info/SOURCES.txt
/home/a/work/lh_commander_ws/src/little_helper_commander/install/little_helper_commander/lib/python3.10/site-packages/little_helper_commander-0.0.0-py3.10.egg-info/entry_points.txt
/home/a/work/lh_commander_ws/src/little_helper_commander/install/little_helper_commander/lib/python3.10/site-packages/little_helper_commander-0.0.0-py3.10.egg-info/zip-safe
/home/a/work/lh_commander_ws/src/little_helper_commander/install/little_helper_commander/lib/python3.10/site-packages/little_helper_commander-0.0.0-py3.10.egg-info/PKG-INFO
/home/a/work/lh_commander_ws/src/little_helper_commander/install/little_helper_commander/lib/little_helper_commander/commander
/home/a/work/lh_commander_ws/src/little_helper_commander/install/little_helper_commander/lib/little_helper_commander/item_tf_broadcaster
